\BOOKMARK [1][-]{section.1}{Dati}{}% 1
\BOOKMARK [2][-]{subsection.1.1}{Data types\(*\)}{section.1}% 2
\BOOKMARK [2][-]{subsection.1.2}{Data exploration\(*\)}{section.1}% 3
\BOOKMARK [3][-]{subsubsection.1.2.1}{Definizioni}{subsection.1.2}% 4
\BOOKMARK [3][-]{subsubsection.1.2.2}{Visualization}{subsection.1.2}% 5
\BOOKMARK [2][-]{subsection.1.3}{Missing replacement\(*\)}{section.1}% 6
\BOOKMARK [2][-]{subsection.1.4}{Data Preprocessing\(*\)}{section.1}% 7
\BOOKMARK [3][-]{subsubsection.1.4.1}{Aggregation}{subsection.1.4}% 8
\BOOKMARK [3][-]{subsubsection.1.4.2}{Sampling}{subsection.1.4}% 9
\BOOKMARK [3][-]{subsubsection.1.4.3}{Dimensionality reduction}{subsection.1.4}% 10
\BOOKMARK [3][-]{subsubsection.1.4.4}{Variable transformation}{subsection.1.4}% 11
\BOOKMARK [1][-]{section.2}{Classification}{}% 12
\BOOKMARK [2][-]{subsection.2.1}{Introduction \(*\)}{section.2}% 13
\BOOKMARK [2][-]{subsection.2.2}{Tecniche di classificazione}{section.2}% 14
\BOOKMARK [3][-]{subsubsection.2.2.1}{Decision Tree}{subsection.2.2}% 15
\BOOKMARK [3][-]{subsubsection.2.2.2}{Regressione Logistica Binomiale}{subsection.2.2}% 16
\BOOKMARK [3][-]{subsubsection.2.2.3}{Support Vector Machines}{subsection.2.2}% 17
\BOOKMARK [3][-]{subsubsection.2.2.4}{Multi-Layer Perceptron o Artificial Neural Network}{subsection.2.2}% 18
\BOOKMARK [3][-]{subsubsection.2.2.5}{Classificatori bayesiani}{subsection.2.2}% 19
\BOOKMARK [3][-]{subsubsection.2.2.6}{Naive bayes}{subsection.2.2}% 20
\BOOKMARK [3][-]{subsubsection.2.2.7}{Reti bayesiane}{subsection.2.2}% 21
\BOOKMARK [3][-]{subsubsection.2.2.8}{Tree-augmented Naive Bayes}{subsection.2.2}% 22
\BOOKMARK [3][-]{subsubsection.2.2.9}{Summary}{subsection.2.2}% 23
\BOOKMARK [2][-]{subsection.2.3}{Performance Evaluation \(*\)}{section.2}% 24
\BOOKMARK [3][-]{subsubsection.2.3.1}{Performance di un modello di classificazione}{subsection.2.3}% 25
\BOOKMARK [3][-]{subsubsection.2.3.2}{Accuratezza}{subsection.2.3}% 26
\BOOKMARK [3][-]{subsubsection.2.3.3}{Speed}{subsection.2.3}% 27
\BOOKMARK [3][-]{subsubsection.2.3.4}{Robustezza}{subsection.2.3}% 28
\BOOKMARK [3][-]{subsubsection.2.3.5}{Scalabilit\340}{subsection.2.3}% 29
\BOOKMARK [3][-]{subsubsection.2.3.6}{Interpretabilit\340}{subsection.2.3}% 30
\BOOKMARK [3][-]{subsubsection.2.3.7}{Holdout}{subsection.2.3}% 31
\BOOKMARK [2][-]{subsection.2.4}{Comparing Classifiers \(*\)}{section.2}% 32
\BOOKMARK [3][-]{subsubsection.2.4.1}{Intervallo di confidenza}{subsection.2.4}% 33
\BOOKMARK [3][-]{subsubsection.2.4.2}{Different test set}{subsection.2.4}% 34
\BOOKMARK [3][-]{subsubsection.2.4.3}{Same test set}{subsection.2.4}% 35
\BOOKMARK [2][-]{subsection.2.5}{Class Imbalance Problem \(*\)}{section.2}% 36
\BOOKMARK [2][-]{subsection.2.6}{Counting the cost \(*\)}{section.2}% 37
\BOOKMARK [3][-]{subsubsection.2.6.1}{Matrice di costo}{subsection.2.6}% 38
\BOOKMARK [3][-]{subsubsection.2.6.2}{Cumulative Gains}{subsection.2.6}% 39
\BOOKMARK [3][-]{subsubsection.2.6.3}{Lift Chart}{subsection.2.6}% 40
\BOOKMARK [3][-]{subsubsection.2.6.4}{Curva ROC}{subsection.2.6}% 41
\BOOKMARK [2][-]{subsection.2.7}{Feature Selection \(*\)}{section.2}% 42
\BOOKMARK [3][-]{subsubsection.2.7.1}{Filter}{subsection.2.7}% 43
\BOOKMARK [3][-]{subsubsection.2.7.2}{Regularization}{subsection.2.7}% 44
\BOOKMARK [3][-]{subsubsection.2.7.3}{Schema division}{subsection.2.7}% 45
\BOOKMARK [2][-]{subsection.2.8}{Classificazione NON binaria}{section.2}% 46
\BOOKMARK [3][-]{subsubsection.2.8.1}{One-Vs-All}{subsection.2.8}% 47
\BOOKMARK [1][-]{section.3}{Clustering}{}% 48
\BOOKMARK [2][-]{subsection.3.1}{Introduzione\(*\)}{section.3}% 49
\BOOKMARK [3][-]{subsubsection.3.1.1}{Tipi di clustering}{subsection.3.1}% 50
\BOOKMARK [3][-]{subsubsection.3.1.2}{Differenti nozioni di cluster}{subsection.3.1}% 51
\BOOKMARK [3][-]{subsubsection.3.1.3}{Componenti di un'analisi di clustering}{subsection.3.1}% 52
\BOOKMARK [2][-]{subsection.3.2}{Proximity\(*\)}{section.3}% 53
\BOOKMARK [3][-]{subsubsection.3.2.1}{Introduzione}{subsection.3.2}% 54
\BOOKMARK [3][-]{subsubsection.3.2.2}{Misure della distanza}{subsection.3.2}% 55
\BOOKMARK [3][-]{subsubsection.3.2.3}{Altre misure di prossimit\340}{subsection.3.2}% 56
\BOOKMARK [2][-]{subsection.3.3}{Clustering Algorithms}{section.3}% 57
\BOOKMARK [3][-]{subsubsection.3.3.1}{Prototype Based}{subsection.3.3}% 58
\BOOKMARK [3][-]{subsubsection.3.3.2}{Clustering Gerarchico}{subsection.3.3}% 59
\BOOKMARK [3][-]{subsubsection.3.3.3}{Density-Based Clustering}{subsection.3.3}% 60
\BOOKMARK [3][-]{subsubsection.3.3.4}{Graph-based Clustering Algorithm}{subsection.3.3}% 61
\BOOKMARK [2][-]{subsection.3.4}{Clustering Evaluation\(*\)}{section.3}% 62
\BOOKMARK [3][-]{subsubsection.3.4.1}{Esterni o supervisionati\(*\)}{subsection.3.4}% 63
\BOOKMARK [3][-]{subsubsection.3.4.2}{Interni o non supervisionati\(*\)}{subsection.3.4}% 64
\BOOKMARK [3][-]{subsubsection.3.4.3}{Paradigma di validit\340\(*\)}{subsection.3.4}% 65
\BOOKMARK [3][-]{subsubsection.3.4.4}{Selezione del numero di cluster\(*\)}{subsection.3.4}% 66
\BOOKMARK [1][-]{section.4}{Association Analysis}{}% 67
\BOOKMARK [2][-]{subsection.4.1}{Introduction \(*\)}{section.4}% 68
\BOOKMARK [2][-]{subsection.4.2}{Rule Extraction}{section.4}% 69
\BOOKMARK [3][-]{subsubsection.4.2.1}{Algoritmo apriori}{subsection.4.2}% 70
\BOOKMARK [2][-]{subsection.4.3}{Maximal/Closed Frequent Itemsets}{section.4}% 71
\BOOKMARK [3][-]{subsubsection.4.3.1}{Rule Generation}{subsection.4.3}% 72
\BOOKMARK [2][-]{subsection.4.4}{Rules Evaluation \(*\)}{section.4}% 73
\BOOKMARK [2][-]{subsection.4.5}{Simpson's Paradox}{section.4}% 74
