This is pdfTeX, Version 3.14159265-2.6-1.40.19 (MiKTeX 2.9.6730 64-bit) (preloaded format=pdflatex 2018.7.3)  17 DEC 2019 00:24
entering extended mode
**./Dispensa_fede.tex
(Dispensa_fede.tex
LaTeX2e <2018-04-01> patch level 5
("C:\Users\fede9\AppData\Local\Programs\MiKTeX 2.9\tex\latex\base\article.cls"
Document Class: article 2014/09/29 v1.4h Standard LaTeX document class
("C:\Users\fede9\AppData\Local\Programs\MiKTeX 2.9\tex\latex\base\size12.clo"
File: size12.clo 2014/09/29 v1.4h Standard LaTeX file (size option)
)
\c@part=\count80
\c@section=\count81
\c@subsection=\count82
\c@subsubsection=\count83
\c@paragraph=\count84
\c@subparagraph=\count85
\c@figure=\count86
\c@table=\count87
\abovecaptionskip=\skip41
\belowcaptionskip=\skip42
\bibindent=\dimen102
) ("C:\Users\fede9\AppData\Local\Programs\MiKTeX 2.9\tex\generic\babel\babel.st
y"
Package: babel 2018/06/05 3.22 The Babel package

("C:\Users\fede9\AppData\Local\Programs\MiKTeX 2.9\tex\generic\babel\switch.def
"
File: switch.def 2018/06/05 3.22 Babel switching mechanism
)
*************************************
* Local config file bblopts.cfg used
*
("C:\Users\fede9\AppData\Local\Programs\MiKTeX 2.9\tex\latex\arabi\bblopts.cfg"
File: bblopts.cfg 2005/09/08 v0.1 add Arabic and Farsi to "declared" options of
 babel
)
("C:\Users\fede9\AppData\Local\Programs\MiKTeX 2.9\tex\latex\babel-italian\ital
ian.ldf"
Language: italian 2019/01/05 v.1.4.01 Italian support for the babel system

("C:\Users\fede9\AppData\Local\Programs\MiKTeX 2.9\tex\generic\babel\babel.def"
File: babel.def 2018/06/05 3.22 Babel common definitions
\babel@savecnt=\count88
\U@D=\dimen103

("C:\Users\fede9\AppData\Local\Programs\MiKTeX 2.9\tex\generic\babel\txtbabel.d
ef")
\bbl@dirlevel=\count89
)
\it@lettering=\count90
\it@doublequoteactive=\count91
\it@ISOcompliance=\count92
))
("C:\Users\fede9\AppData\Local\Programs\MiKTeX 2.9\tex\latex\etoolbox\etoolbox.
sty"
Package: etoolbox 2018/08/19 v2.5f e-TeX tools for LaTeX (JAW)
\etb@tempcnta=\count93
)
("C:\Users\fede9\AppData\Local\Programs\MiKTeX 2.9\tex\latex\base\fontenc.sty"
Package: fontenc 2017/04/05 v2.0i Standard LaTeX package

("C:\Users\fede9\AppData\Local\Programs\MiKTeX 2.9\tex\latex\base\t1enc.def"
File: t1enc.def 2017/04/05 v2.0i Standard LaTeX file
LaTeX Font Info:    Redeclaring font encoding T1 on input line 48.
))
("C:\Users\fede9\AppData\Local\Programs\MiKTeX 2.9\tex\latex\xcolor\xcolor.sty"
Package: xcolor 2016/05/11 v2.12 LaTeX color extensions (UK)

("C:\Users\fede9\AppData\Local\Programs\MiKTeX 2.9\tex\latex\graphics-cfg\color
.cfg"
File: color.cfg 2016/01/02 v1.6 sample color configuration
)
Package xcolor Info: Driver file: pdftex.def on input line 225.

("C:\Users\fede9\AppData\Local\Programs\MiKTeX 2.9\tex\latex\graphics-def\pdfte
x.def"
File: pdftex.def 2018/01/08 v1.0l Graphics/color driver for pdftex
)
("C:\Users\fede9\AppData\Local\Programs\MiKTeX 2.9\tex\latex\colortbl\colortbl.
sty"
Package: colortbl 2018/12/12 v1.0d Color table columns (DPC)

("C:\Users\fede9\AppData\Local\Programs\MiKTeX 2.9\tex\latex\tools\array.sty"
Package: array 2018/04/30 v2.4h Tabular extension package (FMi)
\col@sep=\dimen104
\ar@mcellbox=\box26
\extrarowheight=\dimen105
\NC@list=\toks14
\extratabsurround=\skip43
\backup@length=\skip44
\ar@cellbox=\box27
)
\everycr=\toks15
\minrowclearance=\skip45
)
\rownum=\count94
Package xcolor Info: Model `cmy' substituted by `cmy0' on input line 1348.
Package xcolor Info: Model `hsb' substituted by `rgb' on input line 1352.
Package xcolor Info: Model `RGB' extended on input line 1364.
Package xcolor Info: Model `HTML' substituted by `rgb' on input line 1366.
Package xcolor Info: Model `Hsb' substituted by `hsb' on input line 1367.
Package xcolor Info: Model `tHsb' substituted by `hsb' on input line 1368.
Package xcolor Info: Model `HSB' substituted by `hsb' on input line 1369.
Package xcolor Info: Model `Gray' substituted by `gray' on input line 1370.
Package xcolor Info: Model `wave' substituted by `hsb' on input line 1371.
) ("C:\Users\fede9\AppData\Local\Programs\MiKTeX 2.9\tex\latex\float\float.sty"
Package: float 2001/11/08 v1.3d Float enhancements (AL)
\c@float@type=\count95
\float@exts=\toks16
\float@box=\box28
\@float@everytoks=\toks17
\@floatcapt=\box29
)
\@float@every@table,figure=\toks18

("C:\Users\fede9\AppData\Local\Programs\MiKTeX 2.9\tex\latex\graphics\graphicx.
sty"
Package: graphicx 2017/06/01 v1.1a Enhanced LaTeX Graphics (DPC,SPQR)

("C:\Users\fede9\AppData\Local\Programs\MiKTeX 2.9\tex\latex\graphics\keyval.st
y"
Package: keyval 2014/10/28 v1.15 key=value parser (DPC)
\KV@toks@=\toks19
)
("C:\Users\fede9\AppData\Local\Programs\MiKTeX 2.9\tex\latex\graphics\graphics.
sty"
Package: graphics 2017/06/25 v1.2c Standard LaTeX Graphics (DPC,SPQR)

("C:\Users\fede9\AppData\Local\Programs\MiKTeX 2.9\tex\latex\graphics\trig.sty"
Package: trig 2016/01/03 v1.10 sin cos tan (DPC)
)
("C:\Users\fede9\AppData\Local\Programs\MiKTeX 2.9\tex\latex\graphics-cfg\graph
ics.cfg"
File: graphics.cfg 2016/06/04 v1.11 sample graphics configuration
)
Package graphics Info: Driver file: pdftex.def on input line 99.
)
\Gin@req@height=\dimen106
\Gin@req@width=\dimen107
)
("C:\Users\fede9\AppData\Local\Programs\MiKTeX 2.9\tex\latex\base\inputenc.sty"
Package: inputenc 2018/04/06 v1.3b Input encoding file
\inpenc@prehook=\toks20
\inpenc@posthook=\toks21
)
("C:\Users\fede9\AppData\Local\Programs\MiKTeX 2.9\tex\latex\amsmath\amsmath.st
y"
Package: amsmath 2017/09/02 v2.17a AMS math features
\@mathmargin=\skip46

For additional information on amsmath, use the `?' option.

("C:\Users\fede9\AppData\Local\Programs\MiKTeX 2.9\tex\latex\amsmath\amstext.st
y"
Package: amstext 2000/06/29 v2.01 AMS text

("C:\Users\fede9\AppData\Local\Programs\MiKTeX 2.9\tex\latex\amsmath\amsgen.sty
"
File: amsgen.sty 1999/11/30 v2.0 generic functions
\@emptytoks=\toks22
\ex@=\dimen108
))
("C:\Users\fede9\AppData\Local\Programs\MiKTeX 2.9\tex\latex\amsmath\amsbsy.sty
"
Package: amsbsy 1999/11/29 v1.2d Bold Symbols
\pmbraise@=\dimen109
)
("C:\Users\fede9\AppData\Local\Programs\MiKTeX 2.9\tex\latex\amsmath\amsopn.sty
"
Package: amsopn 2016/03/08 v2.02 operator names
)
\inf@bad=\count96
LaTeX Info: Redefining \frac on input line 213.
\uproot@=\count97
\leftroot@=\count98
LaTeX Info: Redefining \overline on input line 375.
\classnum@=\count99
\DOTSCASE@=\count100
LaTeX Info: Redefining \ldots on input line 472.
LaTeX Info: Redefining \dots on input line 475.
LaTeX Info: Redefining \cdots on input line 596.
\Mathstrutbox@=\box30
\strutbox@=\box31
\big@size=\dimen110
LaTeX Font Info:    Redeclaring font encoding OML on input line 712.
LaTeX Font Info:    Redeclaring font encoding OMS on input line 713.
\macc@depth=\count101
\c@MaxMatrixCols=\count102
\dotsspace@=\muskip10
\c@parentequation=\count103
\dspbrk@lvl=\count104
\tag@help=\toks23
\row@=\count105
\column@=\count106
\maxfields@=\count107
\andhelp@=\toks24
\eqnshift@=\dimen111
\alignsep@=\dimen112
\tagshift@=\dimen113
\tagwidth@=\dimen114
\totwidth@=\dimen115
\lineht@=\dimen116
\@envbody=\toks25
\multlinegap=\skip47
\multlinetaggap=\skip48
\mathdisplay@stack=\toks26
LaTeX Info: Redefining \[ on input line 2817.
LaTeX Info: Redefining \] on input line 2818.
)
("C:\Users\fede9\AppData\Local\Programs\MiKTeX 2.9\tex\latex\fancyhdr\fancyhdr.
sty"
Package: fancyhdr 2017/06/30 v3.9a Extensive control of page headers and footer
s
\f@nch@headwidth=\skip49
\f@nch@O@elh=\skip50
\f@nch@O@erh=\skip51
\f@nch@O@olh=\skip52
\f@nch@O@orh=\skip53
\f@nch@O@elf=\skip54
\f@nch@O@erf=\skip55
\f@nch@O@olf=\skip56
\f@nch@O@orf=\skip57
)
("C:\Users\fede9\AppData\Local\Programs\MiKTeX 2.9\tex\latex\amsfonts\amssymb.s
ty"
Package: amssymb 2013/01/14 v3.01 AMS font symbols

("C:\Users\fede9\AppData\Local\Programs\MiKTeX 2.9\tex\latex\amsfonts\amsfonts.
sty"
Package: amsfonts 2013/01/14 v3.01 Basic AMSFonts support
\symAMSa=\mathgroup4
\symAMSb=\mathgroup5
LaTeX Font Info:    Overwriting math alphabet `\mathfrak' in version `bold'
(Font)                  U/euf/m/n --> U/euf/b/n on input line 106.
))
("C:\Users\fede9\AppData\Local\Programs\MiKTeX 2.9\tex\latex\amscls\amsthm.sty"
Package: amsthm 2017/10/31 v2.20.4
\thm@style=\toks27
\thm@bodyfont=\toks28
\thm@headfont=\toks29
\thm@notefont=\toks30
\thm@headpunct=\toks31
\thm@preskip=\skip58
\thm@postskip=\skip59
\thm@headsep=\skip60
\dth@everypar=\toks32
)

LaTeX Warning: Unused global option(s):
    [openany].

(Dispensa_fede.aux)
\openout1 = `Dispensa_fede.aux'.

LaTeX Font Info:    Checking defaults for OML/cmm/m/it on input line 20.
LaTeX Font Info:    ... okay on input line 20.
LaTeX Font Info:    Checking defaults for T1/cmr/m/n on input line 20.
LaTeX Font Info:    ... okay on input line 20.
LaTeX Font Info:    Checking defaults for OT1/cmr/m/n on input line 20.
LaTeX Font Info:    ... okay on input line 20.
LaTeX Font Info:    Checking defaults for OMS/cmsy/m/n on input line 20.
LaTeX Font Info:    ... okay on input line 20.
LaTeX Font Info:    Checking defaults for OMX/cmex/m/n on input line 20.
LaTeX Font Info:    ... okay on input line 20.
LaTeX Font Info:    Checking defaults for U/cmr/m/n on input line 20.
LaTeX Font Info:    ... okay on input line 20.
LaTeX Info: Redefining \it@ocap on input line 20.
LaTeX Info: Redefining \it@ccap on input line 20.

("C:\Users\fede9\AppData\Local\Programs\MiKTeX 2.9\tex\context\base\supp-pdf.mk
ii"
[Loading MPS to PDF converter (version 2006.09.02).]
\scratchcounter=\count108
\scratchdimen=\dimen117
\scratchbox=\box32
\nofMPsegments=\count109
\nofMParguments=\count110
\everyMPshowfont=\toks33
\MPscratchCnt=\count111
\MPscratchDim=\dimen118
\MPnumerator=\count112
\makeMPintoPDFobject=\count113
\everyMPtoPDFconversion=\toks34
)
("C:\Users\fede9\AppData\Local\Programs\MiKTeX 2.9\tex\latex\oberdiek\epstopdf-
base.sty"
Package: epstopdf-base 2016/05/15 v2.6 Base part for package epstopdf

("C:\Users\fede9\AppData\Local\Programs\MiKTeX 2.9\tex\generic\oberdiek\infware
rr.sty"
Package: infwarerr 2016/05/16 v1.4 Providing info/warning/error messages (HO)
)
("C:\Users\fede9\AppData\Local\Programs\MiKTeX 2.9\tex\latex\oberdiek\grfext.st
y"
Package: grfext 2016/05/16 v1.2 Manage graphics extensions (HO)

("C:\Users\fede9\AppData\Local\Programs\MiKTeX 2.9\tex\generic\oberdiek\kvdefin
ekeys.sty"
Package: kvdefinekeys 2016/05/16 v1.4 Define keys (HO)

("C:\Users\fede9\AppData\Local\Programs\MiKTeX 2.9\tex\generic\oberdiek\ltxcmds
.sty"
Package: ltxcmds 2016/05/16 v1.23 LaTeX kernel commands for general use (HO)
)))
("C:\Users\fede9\AppData\Local\Programs\MiKTeX 2.9\tex\latex\oberdiek\kvoptions
.sty"
Package: kvoptions 2016/05/16 v3.12 Key value format for package options (HO)

("C:\Users\fede9\AppData\Local\Programs\MiKTeX 2.9\tex\generic\oberdiek\kvsetke
ys.sty"
Package: kvsetkeys 2016/05/16 v1.17 Key value parser (HO)

("C:\Users\fede9\AppData\Local\Programs\MiKTeX 2.9\tex\generic\oberdiek\etexcmd
s.sty"
Package: etexcmds 2016/05/16 v1.6 Avoid name clashes with e-TeX commands (HO)

("C:\Users\fede9\AppData\Local\Programs\MiKTeX 2.9\tex\generic\oberdiek\ifluate
x.sty"
Package: ifluatex 2016/05/16 v1.4 Provides the ifluatex switch (HO)
Package ifluatex Info: LuaTeX not detected.
)
Package etexcmds Info: Could not find \expanded.
(etexcmds)             That can mean that you are not using pdfTeX 1.50 or
(etexcmds)             that some package has redefined \expanded.
(etexcmds)             In the latter case, load this package earlier.
)))
("C:\Users\fede9\AppData\Local\Programs\MiKTeX 2.9\tex\generic\oberdiek\pdftexc
mds.sty"
Package: pdftexcmds 2018/01/30 v0.27 Utility functions of pdfTeX for LuaTeX (HO
)

("C:\Users\fede9\AppData\Local\Programs\MiKTeX 2.9\tex\generic\oberdiek\ifpdf.s
ty"
Package: ifpdf 2017/03/15 v3.2 Provides the ifpdf switch
)
Package pdftexcmds Info: LuaTeX not detected.
Package pdftexcmds Info: \pdf@primitive is available.
Package pdftexcmds Info: \pdf@ifprimitive is available.
Package pdftexcmds Info: \pdfdraftmode found.
)
Package epstopdf-base Info: Redefining graphics rule for `.eps' on input line 4
38.
Package grfext Info: Graphics extension search list:
(grfext)             [.pdf,.png,.jpg,.mps,.jpeg,.jbig2,.jb2,.PDF,.PNG,.JPG,.JPE
G,.JBIG2,.JB2,.eps]
(grfext)             \AppendGraphicsExtensions on input line 456.
)
LaTeX Font Info:    Try loading font information for U+msa on input line 21.

("C:\Users\fede9\AppData\Local\Programs\MiKTeX 2.9\tex\latex\amsfonts\umsa.fd"
File: umsa.fd 2013/01/14 v3.01 AMS symbols A
)
LaTeX Font Info:    Try loading font information for U+msb on input line 21.
("C:\Users\fede9\AppData\Local\Programs\MiKTeX 2.9\tex\latex\amsfonts\umsb.fd"
File: umsb.fd 2013/01/14 v3.01 AMS symbols B
) [1

{C:/Users/fede9/AppData/Local/MiKTeX/2.9/pdftex/config/pdftex.map}]
(introduction/introduction.tex
LaTeX Font Info:    Try loading font information for OMS+cmr on input line 6.

("C:\Users\fede9\AppData\Local\Programs\MiKTeX 2.9\tex\latex\base\omscmr.fd"
File: omscmr.fd 2014/09/29 v2.5h Standard LaTeX font definitions
)
LaTeX Font Info:    Font shape `OMS/cmr/m/n' in size <12> not available
(Font)              Font shape `OMS/cmsy/m/n' tried instead on input line 6.


Package Fancyhdr Warning: \headheight is too small (12.0pt): 
 Make it at least 14.49998pt.
 We now make it that large for the rest of the document.
 This may cause the page layout to be inconsistent, however.

[1] [2] [3]) (classification/classification.tex [4] [5]
<pict/matrconf.png, id=34, 258.36525pt x 87.32625pt>
File: pict/matrconf.png Graphic file (type png)
<use pict/matrconf.png>
Package pdftex.def Info: pict/matrconf.png  used on input line 51.
(pdftex.def)             Requested size: 230.7801pt x 77.99881pt.
 [6 <./pict/matrconf.png>]
<pict/decision_tree.png, id=41, 260.77425pt x 347.49825pt>
File: pict/decision_tree.png Graphic file (type png)
<use pict/decision_tree.png>
Package pdftex.def Info: pict/decision_tree.png  used on input line 80.
(pdftex.def)             Requested size: 204.8833pt x 272.99881pt.


LaTeX Warning: `!h' float specifier changed to `!ht'.

[7] [8 <./pict/decision_tree.png>] [9] [10] [11] [12]
<pict/naivebayes.png, id=63, 181.8795pt x 100.57574pt>
File: pict/naivebayes.png Graphic file (type png)
<use pict/naivebayes.png>
Package pdftex.def Info: pict/naivebayes.png  used on input line 239.
(pdftex.def)             Requested size: 211.59367pt x 117.00119pt.


LaTeX Warning: `!h' float specifier changed to `!ht'.

[13]
Overfull \hbox (18.80023pt too wide) in paragraph at lines 249--250
[]\T1/cmr/m/n/12 Naive bayes si com-por-ta ge-ne-ral-men-te be-ne ma ri-chie-de
 $[]$
 []

<pict/networkbayes.png, id=67, 221.02576pt x 144.54pt>
File: pict/networkbayes.png Graphic file (type png)
<use pict/networkbayes.png>
Package pdftex.def Info: pict/networkbayes.png  used on input line 256.
(pdftex.def)             Requested size: 208.74565pt x 136.50238pt.

Overfull \hbox (45.62242pt too wide) in paragraph at lines 260--261
\T1/cmr/m/n/12 clas-se, ma an-che $[]$.
 []

[14 <./pict/naivebayes.png> <./pict/networkbayes.png>]
Underfull \hbox (badness 10000) in paragraph at lines 266--268

 []

<pict/treenaivebayes.png, id=73, 221.628pt x 140.9265pt>
File: pict/treenaivebayes.png Graphic file (type png)
<use pict/treenaivebayes.png>
Package pdftex.def Info: pict/treenaivebayes.png  used on input line 274.
(pdftex.def)             Requested size: 214.67453pt x 136.50238pt.
[15 <./pict/treenaivebayes.png>]
<pict/class_tecniques.png, id=78, 519.1395pt x 170.43675pt>
File: pict/class_tecniques.png Graphic file (type png)
<use pict/class_tecniques.png>
Package pdftex.def Info: pict/class_tecniques.png  used on input line 287.
(pdftex.def)             Requested size: 356.3847pt x 117.00119pt.
 [16

 <./pict/class_tecniques.png>] [17]
[18] [19] [20] [21] [22]
<pict/matr_costo.png, id=104, 402.303pt x 235.47975pt>
File: pict/matr_costo.png Graphic file (type png)
<use pict/matr_costo.png>
Package pdftex.def Info: pict/matr_costo.png  used on input line 491.
(pdftex.def)             Requested size: 366.47688pt x 214.50119pt.
 [23 <./pict/matr_costo.png>]
<pict/cumulative_gains.png, id=109, 393.26926pt x 377.0085pt>
File: pict/cumulative_gains.png Graphic file (type png)
<use pict/cumulative_gains.png>
Package pdftex.def Info: pict/cumulative_gains.png  used on input line 514.
(pdftex.def)             Requested size: 244.09445pt x 234.00238pt.
<pict/lift_chart.png, id=110, 728.7225pt x 345.08925pt>
File: pict/lift_chart.png Graphic file (type png)
<use pict/lift_chart.png>
Package pdftex.def Info: pict/lift_chart.png  used on input line 525.
(pdftex.def)             Requested size: 370.60945pt x 175.49881pt.
 [24 <./pict/cumulative_gains.png>]
<pict/roc.png, id=116, 421.575pt x 400.49625pt>
File: pict/roc.png Graphic file (type png)
<use pict/roc.png>
Package pdftex.def Info: pict/roc.png  used on input line 535.
(pdftex.def)             Requested size: 246.32126pt x 234.00238pt.


LaTeX Warning: `!h' float specifier changed to `!ht'.

<pict/roc_confronto.png, id=117, 469.755pt x 445.665pt>
File: pict/roc_confronto.png Graphic file (type png)
<use pict/roc_confronto.png>
Package pdftex.def Info: pict/roc_confronto.png  used on input line 544.
(pdftex.def)             Requested size: 246.65375pt x 234.00238pt.

LaTeX Warning: `!h' float specifier changed to `!ht'.

[25 <./pict/lift_chart.png>] [26 <./pict/roc.png> <./pict/roc_confronto.png>]
<pict/filter_wrapper.png, id=127, 699.8145pt x 429.40425pt>
File: pict/filter_wrapper.png Graphic file (type png)
<use pict/filter_wrapper.png>
Package pdftex.def Info: pict/filter_wrapper.png  used on input line 565.
(pdftex.def)             Requested size: 286.01814pt x 175.49881pt.


LaTeX Warning: `!h' float specifier changed to `!ht'.

[27

]
<pict/filter_uni_multi.png, id=131, 716.07526pt x 147.55125pt>
File: pict/filter_uni_multi.png Graphic file (type png)
<use pict/filter_uni_multi.png>
Package pdftex.def Info: pict/filter_uni_multi.png  used on input line 586.
(pdftex.def)             Requested size: 416.40565pt x 85.80048pt.

Overfull \hbox (26.40565pt too wide) in paragraph at lines 586--587
 [][] 
 []

[28 <./pict/filter_wrapper.png> <./pict/filter_uni_multi.png>]
<pict/feature_flowchart.png, id=137, 576.9555pt x 403.5075pt>
File: pict/feature_flowchart.png Graphic file (type png)
<use pict/feature_flowchart.png>
Package pdftex.def Info: pict/feature_flowchart.png  used on input line 607.
(pdftex.def)             Requested size: 250.9384pt x 175.49881pt.
 [29 <./pict/feature_flowchart.png>]) (clustering/clustering.tex [30] [31] [32]
<pict/simil_diss.png, id=152, 295.70474pt x 239.6955pt>
File: pict/simil_diss.png Graphic file (type png)
<use pict/simil_diss.png>
Package pdftex.def Info: pict/simil_diss.png  used on input line 69.
(pdftex.def)             Requested size: 216.51239pt x 175.49881pt.
 [33 <./pict/simil_diss.png>]
<pict/distanze_minkowski.png, id=157, 719.68875pt x 275.22826pt>
File: pict/distanze_minkowski.png Graphic file (type png)
<use pict/distanze_minkowski.png>
Package pdftex.def Info: pict/distanze_minkowski.png  used on input line 90.
(pdftex.def)             Requested size: 407.92073pt x 155.99762pt.

Overfull \hbox (17.92073pt too wide) in paragraph at lines 90--91
 [][] 
 []

[34 <./pict/distanze_minkowski.png>]
<pict/prototype_cluster.png, id=162, 289.08pt x 261.3765pt>
File: pict/prototype_cluster.png Graphic file (type png)
<use pict/prototype_cluster.png>
Package pdftex.def Info: pict/prototype_cluster.png  used on input line 148.
(pdftex.def)             Requested size: 172.53185pt x 155.99762pt.


LaTeX Warning: `!h' float specifier changed to `!ht'.

[35] [36 <./pict/prototype_cluster.png>] [37] [38]
Overfull \hbox (7.5218pt too wide) in paragraph at lines 239--240
\T1/cmr/m/n/12 probabilità del-l'og-get-to x do-ve $\OML/cmm/m/it/12 w[]$ \T1/c
mr/m/n/12 pro-ba-bi-li-tà del-la j-esima com-po-nen-te, $\OML/cmm/m/it/12 p\OT1
/cmr/m/n/12 ([]\OMS/cmsy/m/n/12 j\OML/cmm/m/it/12 []\OT1/cmr/m/n/12 )$
 []

[39] [40]
<pict/cluster_aggl.png, id=183, 637.78275pt x 290.88675pt>
File: pict/cluster_aggl.png Graphic file (type png)
<use pict/cluster_aggl.png>
Package pdftex.def Info: pict/cluster_aggl.png  used on input line 294.
(pdftex.def)             Requested size: 384.80385pt x 175.49881pt.

Underfull \hbox (badness 10000) in paragraph at lines 298--299

 []

[41 <./pict/cluster_aggl.png>] [42]
Underfull \hbox (badness 10000) in paragraph at lines 356--360

 []

[43] [44] [45] [46] [47]
Overfull \hbox (22.74045pt too wide) in paragraph at lines 510--511
[]\T1/cmr/m/n/12 La va-li-di-tà è va-lu-ta-ta in que-sto mo-do: $\OML/cmm/m/it/
12 overallvalidity \OT1/cmr/m/n/12 = [][] \OML/cmm/m/it/12 w[] \OMS/cmsy/m/n/12
  \OML/cmm/m/it/12 validity\OT1/cmr/m/n/12 (\OML/cmm/m/it/12 C[]\OT1/cmr/m/n/1
2 )$\T1/cmr/m/n/12 ,
 []

[48]) (association/association.tex [49] [50] [51]
Overfull \hbox (7.41666pt too wide) in paragraph at lines 84--85
[]\T1/cmr/m/n/12 Candidate Pru-ning: que-sta ope-ra-zio-ne eli-mi-na al-cu-ni c
an-di-da-ti k-itemset
 []

[52]
<pict/itemset_freq.png, id=224, 222.8325pt x 213.79875pt>
File: pict/itemset_freq.png Graphic file (type png)
<use pict/itemset_freq.png>
Package pdftex.def Info: pict/itemset_freq.png  used on input line 123.
(pdftex.def)             Requested size: 182.91423pt x 175.49881pt.


LaTeX Warning: `!h' float specifier changed to `!ht'.

) [53] [54 <./pict/itemset_freq.png>] (Dispensa_fede.aux) ) 
Here is how much of TeX's memory you used:
 4431 strings out of 492973
 59543 string characters out of 3126693
 139309 words of memory out of 3000000
 8169 multiletter control sequences out of 15000+200000
 17789 words of font info for 52 fonts, out of 3000000 for 9000
 1141 hyphenation exceptions out of 8191
 41i,12n,43p,804b,369s stack positions out of 5000i,500n,10000p,200000b,50000s
 <C:\Users\fede9\App
Data\Local\MiKTeX\2.9\fonts\pk\ljfour\jknappen\ec\dpi600\ecti1200.pk> <C:\Users
\fede9\AppData\Local\MiKTeX\2.9\fonts\pk\ljfour\jknappen\ec\dpi600\ecbx1200.pk>
 <C:\Users\fede9\AppData\Local\MiKTeX\2.9\fonts\pk\ljfour\jknappen\ec\dpi600\ec
rm1200.pk> <C:\Users\fede9\AppData\Local\MiKTeX\2.9\fonts\pk\ljfour\jknappen\ec
\dpi600\ecbx1440.pk> <C:\Users\fede9\AppData\Local\MiKTeX\2.9\fonts\pk\ljfour\j
knappen\ec\dpi600\ecbx1728.pk> <C:\Users\fede9\AppData\Local\MiKTeX\2.9\fonts\p
k\ljfour\jknappen\ec\dpi600\ecsl1200.pk> <C:\Users\fede9\AppData\Local\MiKTeX\2
.9\fonts\pk\ljfour\jknappen\ec\dpi600\ecrm1440.pk> <C:\Users\fede9\AppData\Loca
l\MiKTeX\2.9\fonts\pk\ljfour\jknappen\ec\dpi600\ecrm2074.pk><C:/Users/fede9/App
Data/Local/Programs/MiKTeX 2.9/fonts/type1/public/amsfonts/cm/cmex10.pfb><C:/Us
ers/fede9/AppData/Local/Programs/MiKTeX 2.9/fonts/type1/public/amsfonts/cmextra
/cmex8.pfb><C:/Users/fede9/AppData/Local/Programs/MiKTeX 2.9/fonts/type1/public
/amsfonts/cm/cmmi12.pfb><C:/Users/fede9/AppData/Local/Programs/MiKTeX 2.9/fonts
/type1/public/amsfonts/cm/cmmi6.pfb><C:/Users/fede9/AppData/Local/Programs/MiKT
eX 2.9/fonts/type1/public/amsfonts/cm/cmmi8.pfb><C:/Users/fede9/AppData/Local/P
rograms/MiKTeX 2.9/fonts/type1/public/amsfonts/cm/cmr12.pfb><C:/Users/fede9/App
Data/Local/Programs/MiKTeX 2.9/fonts/type1/public/amsfonts/cm/cmr8.pfb><C:/User
s/fede9/AppData/Local/Programs/MiKTeX 2.9/fonts/type1/public/amsfonts/cm/cmsy10
.pfb><C:/Users/fede9/AppData/Local/Programs/MiKTeX 2.9/fonts/type1/public/amsfo
nts/cm/cmsy6.pfb><C:/Users/fede9/AppData/Local/Programs/MiKTeX 2.9/fonts/type1/
public/amsfonts/cm/cmsy8.pfb>
Output written on Dispensa_fede.pdf (55 pages, 1447341 bytes).
PDF statistics:
 670 PDF objects out of 1000 (max. 8388607)
 0 named destinations out of 1000 (max. 500000)
 96 words of extra memory for PDF output out of 10000 (max. 10000000)

